c:\users\aless\onedrive\desktop\uni work\third year\cmp303\final_exam_project\cmp303_final_game\sfml_client_server\sfml_client_server\x64\debug\vc142.pdb
c:\users\aless\onedrive\desktop\uni work\third year\cmp303\final_exam_project\cmp303_final_game\sfml_client_server\sfml_client_server\x64\debug\vc142.idb
c:\users\aless\onedrive\desktop\uni work\third year\cmp303\final_exam_project\cmp303_final_game\sfml_client_server\sfml_client_server\x64\debug\source.obj
c:\users\aless\onedrive\desktop\uni work\third year\cmp303\final_exam_project\cmp303_final_game\sfml_client_server\sfml_client_server\x64\debug\server.obj
c:\users\aless\onedrive\desktop\uni work\third year\cmp303\final_exam_project\cmp303_final_game\sfml_client_server\sfml_client_server\x64\debug\sfml_client_server.ilk
c:\users\aless\onedrive\desktop\uni work\third year\cmp303\final_exam_project\cmp303_final_game\sfml_client_server\x64\debug\sfml_client_server.exe
c:\users\aless\onedrive\desktop\uni work\third year\cmp303\final_exam_project\cmp303_final_game\sfml_client_server\x64\debug\sfml_client_server.pdb
c:\users\camer\downloads\cmp303_final_game-main\cmp303_final_game-main\sfml_client_server\sfml_client_server\x64\debug\server.obj
c:\users\camer\downloads\cmp303_final_game-main\cmp303_final_game-main\sfml_client_server\sfml_client_server\x64\debug\source.obj
c:\users\camer\downloads\cmp303_final_game-main\cmp303_final_game-main\sfml_client_server\sfml_client_server\x64\debug\sfml_client_server.ilk
c:\users\camer\downloads\cmp303_final_game-main\cmp303_final_game-main\sfml_client_server\sfml_client_server\x64\debug\vc142.idb
c:\users\camer\downloads\cmp303_final_game-main\cmp303_final_game-main\sfml_client_server\sfml_client_server\x64\debug\vc142.pdb
c:\users\camer\downloads\cmp303_final_game-main\cmp303_final_game-main\sfml_client_server\x64\debug\sfml_client_server.pdb
c:\users\camer\downloads\cmp303_final_game-main\cmp303_final_game-main\sfml_client_server\x64\debug\sfml_client_server.exe
c:\users\camer\downloads\cmp303_final_game-main\cmp303_final_game-main\sfml_client_server\sfml_client_server\x64\debug\sfml_cli.a38220f3.tlog\cl.command.1.tlog
c:\users\camer\downloads\cmp303_final_game-main\cmp303_final_game-main\sfml_client_server\sfml_client_server\x64\debug\sfml_cli.a38220f3.tlog\cl.read.1.tlog
c:\users\camer\downloads\cmp303_final_game-main\cmp303_final_game-main\sfml_client_server\sfml_client_server\x64\debug\sfml_cli.a38220f3.tlog\cl.write.1.tlog
c:\users\camer\downloads\cmp303_final_game-main\cmp303_final_game-main\sfml_client_server\sfml_client_server\x64\debug\sfml_cli.a38220f3.tlog\link.command.1.tlog
c:\users\camer\downloads\cmp303_final_game-main\cmp303_final_game-main\sfml_client_server\sfml_client_server\x64\debug\sfml_cli.a38220f3.tlog\link.read.1.tlog
c:\users\camer\downloads\cmp303_final_game-main\cmp303_final_game-main\sfml_client_server\sfml_client_server\x64\debug\sfml_cli.a38220f3.tlog\link.write.1.tlog
