  client.cpp
F:\CMP303_Final_Exam\sfml_client_server\sfml_client_server\client.cpp(64,13): warning C4018: '<': signed/unsigned mismatch
F:\CMP303_Final_Exam\sfml_client_server\sfml_client_server\client.cpp(66,29): warning C4244: 'argument': conversion from 'int' to 'float', possible loss of data
F:\CMP303_Final_Exam\sfml_client_server\sfml_client_server\client.cpp(71,29): warning C4244: 'argument': conversion from 'int' to 'float', possible loss of data
  server.cpp
F:\CMP303_Final_Exam\sfml_client_server\sfml_client_server\server.cpp(41,22): warning C4018: '<': signed/unsigned mismatch
F:\CMP303_Final_Exam\sfml_client_server\sfml_client_server\server.cpp(52,25): warning C4018: '<': signed/unsigned mismatch
  Source.cpp
client.obj : error LNK2001: unresolved external symbol "__declspec(dllimport) public: void __thiscall sf::Socket::setBlocking(bool)" (__imp_?setBlocking@Socket@sf@@QAEX_N@Z)
client.obj : error LNK2001: unresolved external symbol "__declspec(dllimport) public: static class sf::RenderStates const sf::RenderStates::Default" (__imp_?Default@RenderStates@sf@@2V12@B)
client.obj : error LNK2001: unresolved external symbol "__declspec(dllimport) public: static class sf::IpAddress __cdecl sf::IpAddress::getLocalAddress(void)" (__imp_?getLocalAddress@IpAddress@sf@@SA?AV12@XZ)
client.obj : error LNK2001: unresolved external symbol "__declspec(dllimport) public: __thiscall sf::IpAddress::IpAddress(void)" (__imp_??0IpAddress@sf@@QAE@XZ)
client.obj : error LNK2001: unresolved external symbol "__declspec(dllimport) public: static class sf::Time const sf::Time::Zero" (__imp_?Zero@Time@sf@@2V12@B)
client.obj : error LNK2001: unresolved external symbol "__declspec(dllimport) public: void __thiscall sf::Transformable::setPosition(float,float)" (__imp_?setPosition@Transformable@sf@@QAEXMM@Z)
client.obj : error LNK2001: unresolved external symbol "__declspec(dllimport) public: bool __thiscall sf::Font::loadFromFile(class std::basic_string<char,struct std::char_traits<char>,class std::allocator<char> > const &)" (__imp_?loadFromFile@Font@sf@@QAE_NABV?$basic_string@DU?$char_traits@D@std@@V?$allocator@D@2@@std@@@Z)
client.obj : error LNK2001: unresolved external symbol "__declspec(dllimport) public: __thiscall sf::Font::~Font(void)" (__imp_??1Font@sf@@QAE@XZ)
client.obj : error LNK2001: unresolved external symbol "__declspec(dllimport) public: __thiscall sf::Font::Font(void)" (__imp_??0Font@sf@@QAE@XZ)
client.obj : error LNK2001: unresolved external symbol "__declspec(dllimport) public: virtual __thiscall sf::RenderWindow::~RenderWindow(void)" (__imp_??1RenderWindow@sf@@UAE@XZ)
client.obj : error LNK2001: unresolved external symbol "__declspec(dllimport) public: __thiscall sf::RenderWindow::RenderWindow(class sf::VideoMode,class sf::String const &,unsigned int,struct sf::ContextSettings const &)" (__imp_??0RenderWindow@sf@@QAE@VVideoMode@1@ABVString@1@IABUContextSettings@1@@Z)
client.obj : error LNK2001: unresolved external symbol "__declspec(dllimport) public: __thiscall sf::Color::Color(unsigned char,unsigned char,unsigned char,unsigned char)" (__imp_??0Color@sf@@QAE@EEEE@Z)
client.obj : error LNK2001: unresolved external symbol "__declspec(dllimport) public: static class sf::Color const sf::Color::Red" (__imp_?Red@Color@sf@@2V12@B)
client.obj : error LNK2001: unresolved external symbol "__declspec(dllimport) public: class sf::Packet & __thiscall sf::Packet::operator<<(class std::basic_string<char,struct std::char_traits<char>,class std::allocator<char> > const &)" (__imp_??6Packet@sf@@QAEAAV01@ABV?$basic_string@DU?$char_traits@D@std@@V?$allocator@D@2@@std@@@Z)
client.obj : error LNK2001: unresolved external symbol "__declspec(dllimport) public: class sf::Packet & __thiscall sf::Packet::operator>>(class std::basic_string<char,struct std::char_traits<char>,class std::allocator<char> > &)" (__imp_??5Packet@sf@@QAEAAV01@AAV?$basic_string@DU?$char_traits@D@std@@V?$allocator@D@2@@std@@@Z)
client.obj : error LNK2001: unresolved external symbol "__declspec(dllimport) public: __thiscall sf::Packet::operator bool (__thiscall sf::Packet::*)(unsigned int)(void)const " (__imp_??BPacket@sf@@QBEP801@AE_NI@ZXZ)
client.obj : error LNK2001: unresolved external symbol "__declspec(dllimport) public: virtual __thiscall sf::Packet::~Packet(void)" (__imp_??1Packet@sf@@UAE@XZ)
client.obj : error LNK2001: unresolved external symbol "__declspec(dllimport) public: __thiscall sf::Packet::Packet(void)" (__imp_??0Packet@sf@@QAE@XZ)
client.obj : error LNK2001: unresolved external symbol "__declspec(dllimport) public: enum sf::Socket::Status __thiscall sf::TcpSocket::receive(class sf::Packet &)" (__imp_?receive@TcpSocket@sf@@QAE?AW4Status@Socket@2@AAVPacket@2@@Z)
client.obj : error LNK2001: unresolved external symbol "__declspec(dllimport) public: enum sf::Socket::Status __thiscall sf::TcpSocket::send(class sf::Packet &)" (__imp_?send@TcpSocket@sf@@QAE?AW4Status@Socket@2@AAVPacket@2@@Z)
client.obj : error LNK2001: unresolved external symbol "__declspec(dllimport) public: enum sf::Socket::Status __thiscall sf::TcpSocket::connect(class sf::IpAddress const &,unsigned short,class sf::Time)" (__imp_?connect@TcpSocket@sf@@QAE?AW4Status@Socket@2@ABVIpAddress@2@GVTime@2@@Z)
client.obj : error LNK2001: unresolved external symbol "__declspec(dllimport) public: __thiscall sf::TcpSocket::TcpSocket(void)" (__imp_??0TcpSocket@sf@@QAE@XZ)
client.obj : error LNK2001: unresolved external symbol "__declspec(dllimport) public: void __thiscall sf::Window::display(void)" (__imp_?display@Window@sf@@QAEXXZ)
client.obj : error LNK2001: unresolved external symbol "__declspec(dllimport) public: void __thiscall sf::Window::setTitle(class sf::String const &)" (__imp_?setTitle@Window@sf@@QAEXABVString@2@@Z)
client.obj : error LNK2001: unresolved external symbol "__declspec(dllimport) public: bool __thiscall sf::Window::pollEvent(class sf::Event &)" (__imp_?pollEvent@Window@sf@@QAE_NAAVEvent@2@@Z)
client.obj : error LNK2001: unresolved external symbol "__declspec(dllimport) public: void __thiscall sf::Window::close(void)" (__imp_?close@Window@sf@@QAEXXZ)
client.obj : error LNK2001: unresolved external symbol "__declspec(dllimport) public: void __thiscall sf::RenderTarget::draw(class sf::Drawable const &,class sf::RenderStates const &)" (__imp_?draw@RenderTarget@sf@@QAEXABVDrawable@2@ABVRenderStates@2@@Z)
client.obj : error LNK2001: unresolved external symbol "__declspec(dllimport) public: void __thiscall sf::RenderTarget::clear(class sf::Color const &)" (__imp_?clear@RenderTarget@sf@@QAEXABVColor@2@@Z)
client.obj : error LNK2001: unresolved external symbol "__declspec(dllimport) public: __thiscall sf::String::String(char const *,class std::locale const &)" (__imp_??0String@sf@@QAE@PBDABVlocale@std@@@Z)
client.obj : error LNK2001: unresolved external symbol "__declspec(dllimport) public: __thiscall sf::String::String(class std::basic_string<char,struct std::char_traits<char>,class std::allocator<char> > const &,class std::locale const &)" (__imp_??0String@sf@@QAE@ABV?$basic_string@DU?$char_traits@D@std@@V?$allocator@D@2@@std@@ABVlocale@3@@Z)
client.obj : error LNK2001: unresolved external symbol "__declspec(dllimport) public: __thiscall sf::VideoMode::VideoMode(unsigned int,unsigned int,unsigned int)" (__imp_??0VideoMode@sf@@QAE@III@Z)
client.obj : error LNK2001: unresolved external symbol "__declspec(dllimport) private: virtual void __thiscall sf::Text::draw(class sf::RenderTarget &,class sf::RenderStates)const " (__imp_?draw@Text@sf@@EBEXAAVRenderTarget@2@VRenderStates@2@@Z)
client.obj : error LNK2001: unresolved external symbol "__declspec(dllimport) public: void __thiscall sf::Text::setFillColor(class sf::Color const &)" (__imp_?setFillColor@Text@sf@@QAEXABVColor@2@@Z)
client.obj : error LNK2001: unresolved external symbol "__declspec(dllimport) public: __thiscall sf::Text::Text(class sf::String const &,class sf::Font const &,unsigned int)" (__imp_??0Text@sf@@QAE@ABVString@1@ABVFont@1@I@Z)
client.obj : error LNK2001: unresolved external symbol "__declspec(dllimport) public: static class sf::Color const sf::Color::Blue" (__imp_?Blue@Color@sf@@2V12@B)
client.obj : error LNK2001: unresolved external symbol "__declspec(dllimport) public: __thiscall sf::Text::Text(class sf::Text &&)" (__imp_??0Text@sf@@QAE@$$QAV01@@Z)
client.obj : error LNK2001: unresolved external symbol "__declspec(dllimport) public: __thiscall sf::Text::Text(class sf::Text const &)" (__imp_??0Text@sf@@QAE@ABV01@@Z)
client.obj : error LNK2001: unresolved external symbol "__declspec(dllimport) public: virtual __thiscall sf::Text::~Text(void)" (__imp_??1Text@sf@@UAE@XZ)
client.obj : error LNK2001: unresolved external symbol "__declspec(dllimport) public: __thiscall sf::String::~String(void)" (__imp_??1String@sf@@QAE@XZ)
client.obj : error LNK2001: unresolved external symbol "__declspec(dllimport) public: virtual __thiscall sf::TcpSocket::~TcpSocket(void)" (__imp_??1TcpSocket@sf@@UAE@XZ)
server.obj : error LNK2001: unresolved external symbol "__declspec(dllimport) class std::basic_ostream<char,struct std::char_traits<char> > & __cdecl sf::operator<<(class std::basic_ostream<char,struct std::char_traits<char> > &,class sf::IpAddress const &)" (__imp_??6sf@@YAAAV?$basic_ostream@DU?$char_traits@D@std@@@std@@AAV12@ABVIpAddress@0@@Z)
server.obj : error LNK2001: unresolved external symbol "__declspec(dllimport) public: enum sf::Socket::Status __thiscall sf::TcpListener::accept(class sf::TcpSocket &)" (__imp_?accept@TcpListener@sf@@QAE?AW4Status@Socket@2@AAVTcpSocket@2@@Z)
server.obj : error LNK2001: unresolved external symbol "__declspec(dllimport) public: enum sf::Socket::Status __thiscall sf::TcpListener::listen(unsigned short,class sf::IpAddress const &)" (__imp_?listen@TcpListener@sf@@QAE?AW4Status@Socket@2@GABVIpAddress@2@@Z)
server.obj : error LNK2001: unresolved external symbol "__declspec(dllimport) public: enum sf::Socket::Status __thiscall sf::UdpSocket::receive(void *,unsigned int,unsigned int &,class sf::IpAddress &,unsigned short &)" (__imp_?receive@UdpSocket@sf@@QAE?AW4Status@Socket@2@PAXIAAIAAVIpAddress@2@AAG@Z)
server.obj : error LNK2001: unresolved external symbol "__declspec(dllimport) public: enum sf::Socket::Status __thiscall sf::UdpSocket::send(void const *,unsigned int,class sf::IpAddress const &,unsigned short)" (__imp_?send@UdpSocket@sf@@QAE?AW4Status@Socket@2@PBXIABVIpAddress@2@G@Z)
server.obj : error LNK2001: unresolved external symbol "__declspec(dllimport) public: enum sf::Socket::Status __thiscall sf::UdpSocket::bind(unsigned short,class sf::IpAddress const &)" (__imp_?bind@UdpSocket@sf@@QAE?AW4Status@Socket@2@GABVIpAddress@2@@Z)
server.obj : error LNK2001: unresolved external symbol "__declspec(dllimport) public: static class sf::IpAddress const sf::IpAddress::Any" (__imp_?Any@IpAddress@sf@@2V12@B)
server.obj : error LNK2001: unresolved external symbol "__declspec(dllimport) public: bool __thiscall sf::SocketSelector::isReady(class sf::Socket &)const " (__imp_?isReady@SocketSelector@sf@@QBE_NAAVSocket@2@@Z)
server.obj : error LNK2001: unresolved external symbol "__declspec(dllimport) public: bool __thiscall sf::SocketSelector::wait(class sf::Time)" (__imp_?wait@SocketSelector@sf@@QAE_NVTime@2@@Z)
server.obj : error LNK2001: unresolved external symbol "__declspec(dllimport) public: void __thiscall sf::SocketSelector::add(class sf::Socket &)" (__imp_?add@SocketSelector@sf@@QAEXAAVSocket@2@@Z)
Source.obj : error LNK2001: unresolved external symbol "__declspec(dllimport) public: __thiscall sf::TcpListener::TcpListener(void)" (__imp_??0TcpListener@sf@@QAE@XZ)
Source.obj : error LNK2001: unresolved external symbol "__declspec(dllimport) public: __thiscall sf::UdpSocket::UdpSocket(void)" (__imp_??0UdpSocket@sf@@QAE@XZ)
Source.obj : error LNK2001: unresolved external symbol "__declspec(dllimport) public: __thiscall sf::SocketSelector::~SocketSelector(void)" (__imp_??1SocketSelector@sf@@QAE@XZ)
Source.obj : error LNK2001: unresolved external symbol "__declspec(dllimport) public: __thiscall sf::SocketSelector::SocketSelector(void)" (__imp_??0SocketSelector@sf@@QAE@XZ)
Source.obj : error LNK2001: unresolved external symbol "__declspec(dllimport) public: virtual __thiscall sf::TcpListener::~TcpListener(void)" (__imp_??1TcpListener@sf@@UAE@XZ)
Source.obj : error LNK2001: unresolved external symbol "__declspec(dllimport) public: virtual __thiscall sf::UdpSocket::~UdpSocket(void)" (__imp_??1UdpSocket@sf@@UAE@XZ)
F:\CMP303_Final_Exam\sfml_client_server\Release\sfml_client_server.exe : fatal error LNK1120: 56 unresolved externals
